[debug] [2026-05-27T02:36:09.612Z] ----------------------------------------------------------------------
[debug] [2026-05-27T02:36:09.613Z] Command:       /usr/local/bin/node /Users/pcdpc/Desktop/license-compass/node_modules/.bin/firebase deploy
[debug] [2026-05-27T02:36:09.613Z] CLI Version:   15.18.0
[debug] [2026-05-27T02:36:09.613Z] Platform:      darwin
[debug] [2026-05-27T02:36:09.613Z] Node Version:  v22.14.0
[debug] [2026-05-27T02:36:09.613Z] Time:          Tue May 26 2026 22:36:09 GMT-0400 (Eastern Daylight Time)
[debug] [2026-05-27T02:36:09.613Z] ----------------------------------------------------------------------
[debug] 
[debug] [2026-05-27T02:36:09.614Z] >>> [apiv2][query] GET https://firebase-public.firebaseio.com/cli.json [none]
[debug] [2026-05-27T02:36:10.634Z] > command requires scopes: ["email","openid","https://www.googleapis.com/auth/cloudplatformprojects.readonly","https://www.googleapis.com/auth/firebase","https://www.googleapis.com/auth/cloud-platform"]
[debug] [2026-05-27T02:36:10.634Z] > authorizing via signed-in user (larry.a.montgomery@gmail.com)
[debug] [2026-05-27T02:36:10.634Z] [iam] checking project license-compass for permissions ["firebase.projects.get","firebasehosting.sites.update"]
[debug] [2026-05-27T02:36:10.635Z] Checked if tokens are valid: false, expires at: 1779821913256
[debug] [2026-05-27T02:36:10.635Z] Checked if tokens are valid: false, expires at: 1779821913256
[debug] [2026-05-27T02:36:10.635Z] > refreshing access token with scopes: []
[debug] [2026-05-27T02:36:10.635Z] >>> [apiv2][query] POST https://www.googleapis.com/oauth2/v3/token [none]
[debug] [2026-05-27T02:36:10.635Z] >>> [apiv2][body] POST https://www.googleapis.com/oauth2/v3/token [omitted]
[debug] [2026-05-27T02:36:10.722Z] <<< [apiv2][status] GET https://firebase-public.firebaseio.com/cli.json 200
[debug] [2026-05-27T02:36:10.722Z] <<< [apiv2][body] GET https://firebase-public.firebaseio.com/cli.json {"cloudBuildErrorAfter":1594252800000,"cloudBuildWarnAfter":1590019200000,"defaultNode10After":1594252800000,"minVersion":"3.0.5","node8DeploysDisabledAfter":1613390400000,"node8RuntimeDisabledAfter":1615809600000,"node8WarnAfter":1600128000000}
[debug] [2026-05-27T02:36:10.745Z] <<< [apiv2][status] POST https://www.googleapis.com/oauth2/v3/token 200
[debug] [2026-05-27T02:36:10.745Z] <<< [apiv2][body] POST https://www.googleapis.com/oauth2/v3/token [omitted]
[debug] [2026-05-27T02:36:10.755Z] >>> [apiv2][query] POST https://cloudresourcemanager.googleapis.com/v1/projects/license-compass:testIamPermissions [none]
[debug] [2026-05-27T02:36:10.755Z] >>> [apiv2][(partial)header] POST https://cloudresourcemanager.googleapis.com/v1/projects/license-compass:testIamPermissions  x-goog-user-project=license-compass
[debug] [2026-05-27T02:36:10.755Z] >>> [apiv2][body] POST https://cloudresourcemanager.googleapis.com/v1/projects/license-compass:testIamPermissions {"permissions":["firebase.projects.get","firebasehosting.sites.update"]}
[debug] [2026-05-27T02:36:10.893Z] <<< [apiv2][status] POST https://cloudresourcemanager.googleapis.com/v1/projects/license-compass:testIamPermissions 200
[debug] [2026-05-27T02:36:10.894Z] <<< [apiv2][body] POST https://cloudresourcemanager.googleapis.com/v1/projects/license-compass:testIamPermissions {"permissions":["firebase.projects.get","firebasehosting.sites.update"]}
[debug] [2026-05-27T02:36:10.894Z] Checked if tokens are valid: true, expires at: 1779852969745
[debug] [2026-05-27T02:36:10.894Z] Checked if tokens are valid: true, expires at: 1779852969745
[debug] [2026-05-27T02:36:10.895Z] >>> [apiv2][query] GET https://firebase.googleapis.com/v1beta1/projects/license-compass [none]
[debug] [2026-05-27T02:36:11.141Z] <<< [apiv2][status] GET https://firebase.googleapis.com/v1beta1/projects/license-compass 200
[debug] [2026-05-27T02:36:11.142Z] <<< [apiv2][body] GET https://firebase.googleapis.com/v1beta1/projects/license-compass {"projectId":"license-compass","projectNumber":"921022138763","displayName":"License Compass","name":"projects/license-compass","resources":{"hostingSite":"license-compass","realtimeDatabaseInstance":"license-compass-default-rtdb"},"state":"ACTIVE","etag":"1_cde67e91-e04a-4797-9a89-78e9c6f64555"}
[debug] [2026-05-27T02:36:11.869Z] defaultcredentials: writing to file /Users/pcdpc/.config/firebase/larry_a.montgomery_gmail.com_application_default_credentials.json
[debug] [2026-05-27T02:36:11.870Z] Checked if tokens are valid: true, expires at: 1779852969745
[debug] [2026-05-27T02:36:11.870Z] Checked if tokens are valid: true, expires at: 1779852969745
[debug] [2026-05-27T02:36:11.870Z] >>> [apiv2][query] GET https://firebasehosting.googleapis.com/v1beta1/projects/license-compass/sites pageToken=&pageSize=10
[debug] [2026-05-27T02:36:12.574Z] <<< [apiv2][status] GET https://firebasehosting.googleapis.com/v1beta1/projects/license-compass/sites 200
[debug] [2026-05-27T02:36:12.575Z] <<< [apiv2][body] GET https://firebasehosting.googleapis.com/v1beta1/projects/license-compass/sites {"sites":[{"name":"projects/license-compass/sites/license-compass","defaultUrl":"https://license-compass.web.app","appId":"1:921022138763:web:996d06392371fce6a5878e","type":"DEFAULT_SITE"}]}
[debug] [2026-05-27T02:36:12.575Z] Checked if tokens are valid: true, expires at: 1779852969745
[debug] [2026-05-27T02:36:12.575Z] Checked if tokens are valid: true, expires at: 1779852969745
[debug] [2026-05-27T02:36:12.575Z] >>> [apiv2][query] GET https://firebase.googleapis.com/v1beta1/projects/-/webApps/1:921022138763:web:996d06392371fce6a5878e/config [none]
[debug] [2026-05-27T02:36:12.855Z] <<< [apiv2][status] GET https://firebase.googleapis.com/v1beta1/projects/-/webApps/1:921022138763:web:996d06392371fce6a5878e/config 200
[debug] [2026-05-27T02:36:12.855Z] <<< [apiv2][body] GET https://firebase.googleapis.com/v1beta1/projects/-/webApps/1:921022138763:web:996d06392371fce6a5878e/config {"projectId":"license-compass","appId":"1:921022138763:web:996d06392371fce6a5878e","databaseURL":"https://license-compass-default-rtdb.firebaseio.com","storageBucket":"license-compass.firebasestorage.app","apiKey":"AIzaSyBGmJDzQVlJFpOx-x5BQgwPpbLF1jUqky8","authDomain":"license-compass.firebaseapp.com","messagingSenderId":"921022138763","measurementId":"G-9SELKRFV3D","projectNumber":"921022138763","version":"2"}
[info] 
   Thank you for trying our early preview of Next.js support on Firebase Hosting.
   During the preview, support is best-effort and breaking changes can be expected. Proceed with caution.
   The integration is known to work with Next.js version 12 - 16.0. You may encounter errors.

   Documentation: https://firebase.google.com/docs/hosting/frameworks/nextjs
   File a bug: https://github.com/firebase/firebase-tools/issues/new?template=bug_report.md
   Submit a feature request: https://github.com/firebase/firebase-tools/issues/new?template=feature_request.md

   We'd love to learn from you. Express your interest in helping us shape the future of Firebase Hosting: https://goo.gle/41enW5X

[debug] [2026-05-27T02:36:14.774Z] Checked if tokens are valid: true, expires at: 1779852969745
[debug] [2026-05-27T02:36:14.774Z] Checked if tokens are valid: true, expires at: 1779852969745
[debug] [2026-05-27T02:36:14.774Z] >>> [apiv2][query] GET https://firebasehosting.googleapis.com/v1beta1/projects/license-compass/sites/license-compass [none]
[debug] [2026-05-27T02:36:15.206Z] <<< [apiv2][status] GET https://firebasehosting.googleapis.com/v1beta1/projects/license-compass/sites/license-compass 200
[debug] [2026-05-27T02:36:15.206Z] <<< [apiv2][body] GET https://firebasehosting.googleapis.com/v1beta1/projects/license-compass/sites/license-compass {"name":"projects/license-compass/sites/license-compass","defaultUrl":"https://license-compass.web.app","appId":"1:921022138763:web:996d06392371fce6a5878e","type":"DEFAULT_SITE"}
[info] ▲ Next.js 16.2.3 (Turbopack)

[info] - Environments: .env.local


[info]   Creating an optimized production build ...

[info] ✓ Compiled successfully in 2.8s

[info]   Running TypeScript ...

[info]   Finished TypeScript in 2.2s ...

[info]   Collecting page data using 9 workers ...

[info] [Firebase] Initializing with explicit credentials for project: license-compass

[info] [Firebase] Initializing with explicit credentials for project: license-compass

[info]   Generating static pages using 9 workers (0/24) ...

[info] [Firebase] Initializing with explicit credentials for project: license-compass

[info]   Generating static pages using 9 workers (6/24) 

[info]   Generating static pages using 9 workers (12/24) 

[info]   Generating static pages using 9 workers (18/24) 

[info] ✓ Generating static pages using 9 workers (24/24) in 284ms

[info]   Finalizing page optimization ...

[info] 

[info] Route (app)
┌ ○ /
├ ○ /_not-found
├ ○ /admin
├ ƒ /api/admin/delete-user
├ ƒ /api/polar/webhook
├ ○ /billing
├ ○ /billing/success
├ ○ /career-hub
├ ○ /ceus
├ ○ /contact
├ ○ /documents
├ ○ /how-it-works
├ ○ /licenses
├ ƒ /licenses/[licenseId]
├ ○ /licenses/add
├ ○ /login
├ ○ /pipeline
├ ○ /pricing
├ ○ /privacy
├ ○ /refund-policy
├ ○ /settings
├ ○ /support
└ ○ /terms



[info] ○  (Static)   prerendered as static content
ƒ  (Dynamic)  server-rendered on demand


[info] Building a Cloud Function to run this application. This is needed due to:
[info]  • non-static component /api/admin/delete-user/route
[info]  • non-static component /api/polar/webhook/route
[info]  • non-static component /licenses/[licenseId]/page
[info] 
[debug] [2026-05-27T02:46:48.346Z] ----------------------------------------------------------------------
[debug] [2026-05-27T02:46:48.347Z] Command:       /usr/local/bin/node /Users/pcdpc/Desktop/license-compass/node_modules/.bin/firebase deploy
[debug] [2026-05-27T02:46:48.347Z] CLI Version:   15.18.0
[debug] [2026-05-27T02:46:48.347Z] Platform:      darwin
[debug] [2026-05-27T02:46:48.347Z] Node Version:  v22.14.0
[debug] [2026-05-27T02:46:48.347Z] Time:          Tue May 26 2026 22:46:48 GMT-0400 (Eastern Daylight Time)
[debug] [2026-05-27T02:46:48.347Z] ----------------------------------------------------------------------
[debug] 
[debug] [2026-05-27T02:46:49.060Z] > command requires scopes: ["email","openid","https://www.googleapis.com/auth/cloudplatformprojects.readonly","https://www.googleapis.com/auth/firebase","https://www.googleapis.com/auth/cloud-platform"]
[debug] [2026-05-27T02:46:49.061Z] > authorizing via signed-in user (larry.a.montgomery@gmail.com)
[debug] [2026-05-27T02:46:49.061Z] [iam] checking project license-compass for permissions ["firebase.projects.get","firebasehosting.sites.update"]
[debug] [2026-05-27T02:46:49.061Z] Checked if tokens are valid: true, expires at: 1779852969745
[debug] [2026-05-27T02:46:49.061Z] Checked if tokens are valid: true, expires at: 1779852969745
[debug] [2026-05-27T02:46:49.061Z] >>> [apiv2][query] POST https://cloudresourcemanager.googleapis.com/v1/projects/license-compass:testIamPermissions [none]
[debug] [2026-05-27T02:46:49.061Z] >>> [apiv2][(partial)header] POST https://cloudresourcemanager.googleapis.com/v1/projects/license-compass:testIamPermissions  x-goog-user-project=license-compass
[debug] [2026-05-27T02:46:49.061Z] >>> [apiv2][body] POST https://cloudresourcemanager.googleapis.com/v1/projects/license-compass:testIamPermissions {"permissions":["firebase.projects.get","firebasehosting.sites.update"]}
[debug] [2026-05-27T02:46:49.282Z] <<< [apiv2][status] POST https://cloudresourcemanager.googleapis.com/v1/projects/license-compass:testIamPermissions 200
[debug] [2026-05-27T02:46:49.283Z] <<< [apiv2][body] POST https://cloudresourcemanager.googleapis.com/v1/projects/license-compass:testIamPermissions {"permissions":["firebase.projects.get","firebasehosting.sites.update"]}
[debug] [2026-05-27T02:46:49.283Z] Checked if tokens are valid: true, expires at: 1779852969745
[debug] [2026-05-27T02:46:49.283Z] Checked if tokens are valid: true, expires at: 1779852969745
[debug] [2026-05-27T02:46:49.283Z] >>> [apiv2][query] GET https://firebase.googleapis.com/v1beta1/projects/license-compass [none]
[debug] [2026-05-27T02:46:49.494Z] <<< [apiv2][status] GET https://firebase.googleapis.com/v1beta1/projects/license-compass 200
[debug] [2026-05-27T02:46:49.494Z] <<< [apiv2][body] GET https://firebase.googleapis.com/v1beta1/projects/license-compass {"projectId":"license-compass","projectNumber":"921022138763","displayName":"License Compass","name":"projects/license-compass","resources":{"hostingSite":"license-compass","realtimeDatabaseInstance":"license-compass-default-rtdb"},"state":"ACTIVE","etag":"1_cde67e91-e04a-4797-9a89-78e9c6f64555"}
[debug] [2026-05-27T02:46:50.236Z] defaultcredentials: writing to file /Users/pcdpc/.config/firebase/larry_a.montgomery_gmail.com_application_default_credentials.json
[debug] [2026-05-27T02:46:50.237Z] Checked if tokens are valid: true, expires at: 1779852969745
[debug] [2026-05-27T02:46:50.237Z] Checked if tokens are valid: true, expires at: 1779852969745
[debug] [2026-05-27T02:46:50.237Z] >>> [apiv2][query] GET https://firebasehosting.googleapis.com/v1beta1/projects/license-compass/sites pageToken=&pageSize=10
[debug] [2026-05-27T02:46:50.941Z] <<< [apiv2][status] GET https://firebasehosting.googleapis.com/v1beta1/projects/license-compass/sites 200
[debug] [2026-05-27T02:46:50.942Z] <<< [apiv2][body] GET https://firebasehosting.googleapis.com/v1beta1/projects/license-compass/sites {"sites":[{"name":"projects/license-compass/sites/license-compass","defaultUrl":"https://license-compass.web.app","appId":"1:921022138763:web:996d06392371fce6a5878e","type":"DEFAULT_SITE"}]}
[debug] [2026-05-27T02:46:50.942Z] Checked if tokens are valid: true, expires at: 1779852969745
[debug] [2026-05-27T02:46:50.942Z] Checked if tokens are valid: true, expires at: 1779852969745
[debug] [2026-05-27T02:46:50.942Z] >>> [apiv2][query] GET https://firebase.googleapis.com/v1beta1/projects/-/webApps/1:921022138763:web:996d06392371fce6a5878e/config [none]
[debug] [2026-05-27T02:46:51.166Z] <<< [apiv2][status] GET https://firebase.googleapis.com/v1beta1/projects/-/webApps/1:921022138763:web:996d06392371fce6a5878e/config 200
[debug] [2026-05-27T02:46:51.166Z] <<< [apiv2][body] GET https://firebase.googleapis.com/v1beta1/projects/-/webApps/1:921022138763:web:996d06392371fce6a5878e/config {"projectId":"license-compass","appId":"1:921022138763:web:996d06392371fce6a5878e","databaseURL":"https://license-compass-default-rtdb.firebaseio.com","storageBucket":"license-compass.firebasestorage.app","apiKey":"AIzaSyBGmJDzQVlJFpOx-x5BQgwPpbLF1jUqky8","authDomain":"license-compass.firebaseapp.com","messagingSenderId":"921022138763","measurementId":"G-9SELKRFV3D","projectNumber":"921022138763","version":"2"}
[info] 
   Thank you for trying our early preview of Next.js support on Firebase Hosting.
   During the preview, support is best-effort and breaking changes can be expected. Proceed with caution.
   The integration is known to work with Next.js version 12 - 16.0. You may encounter errors.

   Documentation: https://firebase.google.com/docs/hosting/frameworks/nextjs
   File a bug: https://github.com/firebase/firebase-tools/issues/new?template=bug_report.md
   Submit a feature request: https://github.com/firebase/firebase-tools/issues/new?template=feature_request.md

   We'd love to learn from you. Express your interest in helping us shape the future of Firebase Hosting: https://goo.gle/41enW5X

[debug] [2026-05-27T02:46:53.016Z] Checked if tokens are valid: true, expires at: 1779852969745
[debug] [2026-05-27T02:46:53.016Z] Checked if tokens are valid: true, expires at: 1779852969745
[debug] [2026-05-27T02:46:53.016Z] >>> [apiv2][query] GET https://firebasehosting.googleapis.com/v1beta1/projects/license-compass/sites/license-compass [none]
[debug] [2026-05-27T02:46:53.431Z] <<< [apiv2][status] GET https://firebasehosting.googleapis.com/v1beta1/projects/license-compass/sites/license-compass 200
[debug] [2026-05-27T02:46:53.431Z] <<< [apiv2][body] GET https://firebasehosting.googleapis.com/v1beta1/projects/license-compass/sites/license-compass {"name":"projects/license-compass/sites/license-compass","defaultUrl":"https://license-compass.web.app","appId":"1:921022138763:web:996d06392371fce6a5878e","type":"DEFAULT_SITE"}
[info] ▲ Next.js 16.2.3 (Turbopack)

[info] - Environments: .env.local


[info]   Creating an optimized production build ...

[info] ✓ Compiled successfully in 2.8s

[info]   Running TypeScript ...

[info]   Finished TypeScript in 2.2s ...

[info]   Collecting page data using 9 workers ...

[info] [Firebase] Production environment detected. Using default service account/ADC.

[info] [Firebase] Production environment detected. Using default service account/ADC.

[info]   Generating static pages using 9 workers (0/24) ...

[info] [Firebase] Production environment detected. Using default service account/ADC.

[info]   Generating static pages using 9 workers (6/24) 

[info]   Generating static pages using 9 workers (12/24) 

[info]   Generating static pages using 9 workers (18/24) 

[info] ✓ Generating static pages using 9 workers (24/24) in 295ms

[info]   Finalizing page optimization ...

[info] 

[info] Route (app)
┌ ○ /
├ ○ /_not-found
├ ○ /admin
├ ƒ /api/admin/delete-user
├ ƒ /api/polar/webhook
├ ○ /billing
├ ○ /billing/success
├ ○ /career-hub
├ ○ /ceus
├ ○ /contact
├ ○ /documents
├ ○ /how-it-works
├ ○ /licenses
├ ƒ /licenses/[licenseId]
├ ○ /licenses/add
├ ○ /login
├ ○ /pipeline
├ ○ /pricing
├ ○ /privacy
├ ○ /refund-policy
├ ○ /settings
├ ○ /support
└ ○ /terms



[info] ○  (Static)   prerendered as static content
ƒ  (Dynamic)  server-rendered on demand


[info] Building a Cloud Function to run this application. This is needed due to:
[info]  • non-static component /api/admin/delete-user/route
[info]  • non-static component /api/polar/webhook/route
[info]  • non-static component /licenses/[licenseId]/page
[info] 
